<?xml version="1.0" encoding="UTF-8"?>
<testng-results skipped="0" failed="0" ignored="0" total="1" passed="1">
  <reporter-output>
  </reporter-output>
  <suite name="Default suite" duration-ms="4512" started-at="2020-06-18T17:50:10 IST" finished-at="2020-06-18T17:50:15 IST">
    <groups>
    </groups>
    <test name="Default test" duration-ms="4512" started-at="2020-06-18T17:50:10 IST" finished-at="2020-06-18T17:50:15 IST">
      <class name="Examples">
        <test-method status="PASS" signature="test_PATCH()[pri:0, instance:Examples@49fc609f]" name="test_PATCH" duration-ms="4414" started-at="2020-06-18T17:50:10 IST" finished-at="2020-06-18T17:50:15 IST">
          <reporter-output>
          </reporter-output>
        </test-method> <!-- test_PATCH -->
      </class> <!-- Examples -->
    </test> <!-- Default test -->
  </suite> <!-- Default suite -->
</testng-results>
